*** Using Compiler 'V5.06 update 7 (build 960)', folder: 'D:\Keil_v5\ARM\ARMCC\Bin'
Build target 'Target 1'
Clean started - Project: 'single soc'
   deleting intermediate output files for target 'Target 1'
compiling Dl645_Bkgrd.c...
compiling Dl645_Disp.C...
compiling Dl645_File.c...
compiling Dl645_Front.C...
compiling Dl645_Globals.c...
compiling Dl645B_Com.c...
compiling main.c...
compiling Memory.c...
compiling Scom.c...
compiling Dl645_ICEsam.c...
assembling startup_RN8213.s...
compiling Drive_AllINT.c...
compiling Drive_Clock.c...
compiling Fm24Cxx.c...
compiling Key.c...
compiling LcdDrive.c...
compiling MyMath.c...
compiling RTCDrive.c...
compiling SystemInit.c...
compiling Uart.c...
compiling ISO7816.c...
linking...
Program Size: Code=30788 RO-data=1780 RW-data=48 ZI-data=4920  
".\uVision\single_soc.axf" - 0 Error(s), 0 Warning(s).

*** Performing Cross-Module-Optimization:
compiling Dl645_Bkgrd.c...
compiling Dl645_Disp.C...
compiling Dl645_File.c...
compiling Dl645_Front.C...
compiling Dl645_Globals.c...
compiling Dl645B_Com.c...
compiling main.c...
compiling Memory.c...
compiling Scom.c...
compiling Dl645_ICEsam.c...
compiling Drive_AllINT.c...
compiling Drive_Clock.c...
compiling Fm24Cxx.c...
compiling Key.c...
compiling LcdDrive.c...
compiling MyMath.c...
compiling RTCDrive.c...
compiling SystemInit.c...
compiling Uart.c...
compiling ISO7816.c...
linking...
Program Size: Code=29012 RO-data=1780 RW-data=48 ZI-data=4920  
compiling Dl645_Bkgrd.c...
compiling Dl645_Disp.C...
compiling Dl645_File.c...
compiling Dl645_Front.C...
compiling Dl645_Globals.c...
compiling Dl645B_Com.c...
compiling main.c...
compiling Memory.c...
compiling Scom.c...
compiling Dl645_ICEsam.c...
compiling Drive_AllINT.c...
compiling Drive_Clock.c...
compiling Fm24Cxx.c...
compiling Key.c...
compiling LcdDrive.c...
compiling MyMath.c...
compiling RTCDrive.c...
compiling SystemInit.c...
compiling Uart.c...
compiling ISO7816.c...
linking...
Program Size: Code=29012 RO-data=1780 RW-data=48 ZI-data=4920  
FromELF: creating hex file...
After Build - User command #1: fromelf --bin -o uVision\signle_soc.bin uVision\single_soc.axf
".\uVision\single_soc.axf" - 0 Error(s), 0 Warning(s).
*** Completed Cross-Module-Optimization after 3 iteration(s).
Build Time Elapsed:  00:00:16
